{
"/var/www/react-todo-demo/src/js/actions/actions.js":{"path":"/var/www/react-todo-demo/src/js/actions/actions.js","s":{"1":1,"2":1,"3":1,"4":2,"5":1,"6":1,"7":1,"8":1,"9":1,"10":1},"b":{},"f":{"1":2,"2":1,"3":1,"4":1},"fnMap":{"1":{"name":"addTodo","line":8,"loc":{"start":{"line":3,"column":23},"end":{"line":3,"column":33}}},"2":{"name":"toggleTodo","line":16,"loc":{"start":{"line":11,"column":26},"end":{"line":11,"column":34}}},"3":{"name":"deleteTodo","line":23,"loc":{"start":{"line":18,"column":26},"end":{"line":18,"column":34}}},"4":{"name":"setVisibilityFilter","line":30,"loc":{"start":{"line":25,"column":35},"end":{"line":25,"column":47}}}},"statementMap":{"1":{"start":{"line":0,"column":0},"end":{"line":0,"column":0},"skip":true},"2":{"start":{"line":1,"column":-15},"end":{"line":1,"column":-15}},"3":{"start":{"line":3,"column":7},"end":{"line":3,"column":7}},"4":{"start":{"line":4,"column":2},"end":{"line":4,"column":2}},"5":{"start":{"line":11,"column":7},"end":{"line":11,"column":7}},"6":{"start":{"line":12,"column":2},"end":{"line":12,"column":2}},"7":{"start":{"line":18,"column":7},"end":{"line":18,"column":7}},"8":{"start":{"line":19,"column":2},"end":{"line":19,"column":2}},"9":{"start":{"line":25,"column":7},"end":{"line":25,"column":7}},"10":{"start":{"line":26,"column":2},"end":{"line":26,"column":2}}},"branchMap":{},"l":{"0":1,"1":1,"3":1,"4":2,"11":1,"12":1,"18":1,"19":1,"25":1,"26":1}},
"/var/www/react-todo-demo/src/js/reducers/todo.js":{"path":"/var/www/react-todo-demo/src/js/reducers/todo.js","s":{"1":1,"2":1,"3":0,"4":0,"5":0,"6":0,"7":0,"8":0,"9":1,"10":18,"11":4,"12":6,"13":3,"14":3,"15":6,"16":2,"17":1},"b":{"1":[1,0],"2":[0,0],"3":[4,6,6,2],"4":[3,3]},"f":{"1":0,"2":18},"fnMap":{"1":{"name":"(anonymous_1)","line":7,"loc":{"start":{"line":0,"column":0},"end":{"line":0,"column":0},"skip":true},"skip":true},"2":{"name":"todo","line":9,"loc":{"start":{"line":1,"column":-2},"end":{"line":1,"column":17}}}},"statementMap":{"1":{"start":{"line":0,"column":0},"end":{"line":0,"column":0},"skip":true},"2":{"start":{"line":0,"column":0},"end":{"line":0,"column":0},"skip":true},"3":{"start":{"line":0,"column":0},"end":{"line":0,"column":0},"skip":true},"4":{"start":{"line":0,"column":0},"end":{"line":0,"column":0},"skip":true},"5":{"start":{"line":0,"column":0},"end":{"line":0,"column":0},"skip":true},"6":{"start":{"line":0,"column":0},"end":{"line":0,"column":0},"skip":true},"7":{"start":{"line":0,"column":0},"end":{"line":0,"column":0},"skip":true},"8":{"start":{"line":0,"column":0},"end":{"line":0,"column":0},"skip":true},"9":{"start":{"line":1,"column":-15},"end":{"line":1,"column":-15}},"10":{"start":{"line":2,"column":2},"end":{"line":2,"column":2}},"11":{"start":{"line":4,"column":6},"end":{"line":4,"column":6}},"12":{"start":{"line":10,"column":6},"end":{"line":12,"column":7}},"13":{"start":{"line":11,"column":8},"end":{"line":11,"column":8}},"14":{"start":{"line":14,"column":6},"end":{"line":14,"column":6}},"15":{"start":{"line":19,"column":6},"end":{"line":19,"column":6}},"16":{"start":{"line":21,"column":6},"end":{"line":21,"column":6}},"17":{"start":{"line":0,"column":0},"end":{"line":0,"column":0},"skip":true}},"branchMap":{"1":{"line":7,"type":"binary-expr","locations":[{"start":{"line":0,"column":0},"end":{"line":0,"column":0},"skip":true},{"start":{"line":0,"column":0},"end":{"line":0,"column":0},"skip":true}]},"2":{"line":7,"type":"if","locations":[{"start":{"line":0,"column":0},"end":{"line":0,"column":0},"skip":true},{"start":{"line":0,"column":0},"end":{"line":0,"column":0},"skip":true}]},"3":{"line":10,"type":"switch","locations":[{"start":{"line":3,"column":4},"end":{"line":4,"column":6}},{"start":{"line":9,"column":4},"end":{"line":14,"column":6}},{"start":{"line":18,"column":4},"end":{"line":19,"column":6}},{"start":{"line":20,"column":4},"end":{"line":21,"column":6}}]},"4":{"line":18,"type":"if","locations":[{"start":{"line":10,"column":6},"end":{"line":10,"column":6}},{"start":{"line":10,"column":6},"end":{"line":10,"column":6}}]}},"l":{"0":1,"1":1,"2":18,"4":4,"10":6,"11":3,"14":3,"19":6,"21":2}},
"/var/www/react-todo-demo/src/js/reducers/todos.js":{"path":"/var/www/react-todo-demo/src/js/reducers/todos.js","s":{"1":1,"2":1,"3":1,"4":1,"5":1,"6":1,"7":3,"8":3,"9":1,"10":3,"11":0,"12":1,"13":14,"14":14,"15":14,"16":3,"17":4,"18":4,"19":4,"20":4,"21":3,"22":1},"b":{"1":[1,0],"2":[1,1],"3":[3,0],"4":[10,4],"5":[14,14],"6":[3,4,4,3]},"f":{"1":1,"2":3,"3":14,"4":4,"5":4},"fnMap":{"1":{"name":"_interopRequireDefault","line":11,"loc":{"start":{"line":0,"column":0},"end":{"line":0,"column":0},"skip":true},"skip":true},"2":{"name":"_toConsumableArray","line":13,"loc":{"start":{"line":0,"column":0},"end":{"line":0,"column":0},"skip":true},"skip":true},"3":{"name":"todos","line":15,"loc":{"start":{"line":3,"column":14},"end":{"line":3,"column":38}}},"4":{"name":"(anonymous_4)","line":23,"loc":{"start":{"line":11,"column":23},"end":{"line":11,"column":23}}},"5":{"name":"(anonymous_5)","line":27,"loc":{"start":{"line":13,"column":26},"end":{"line":13,"column":26}}}},"statementMap":{"1":{"start":{"line":0,"column":0},"end":{"line":0,"column":0},"skip":true},"2":{"start":{"line":1,"column":-15},"end":{"line":1,"column":-15}},"3":{"start":{"line":0,"column":0},"end":{"line":0,"column":0},"skip":true},"4":{"start":{"line":0,"column":0},"end":{"line":0,"column":0},"skip":true},"5":{"start":{"line":0,"column":0},"end":{"line":0,"column":0},"skip":true},"6":{"start":{"line":0,"column":0},"end":{"line":0,"column":0},"skip":true},"7":{"start":{"line":0,"column":0},"end":{"line":0,"column":0},"skip":true},"8":{"start":{"line":0,"column":0},"end":{"line":0,"column":0},"skip":true},"9":{"start":{"line":0,"column":0},"end":{"line":0,"column":0},"skip":true},"10":{"start":{"line":0,"column":0},"end":{"line":0,"column":0},"skip":true},"11":{"start":{"line":0,"column":0},"end":{"line":0,"column":0},"skip":true},"12":{"start":{"line":3,"column":0},"end":{"line":3,"column":0}},"13":{"start":{"line":3,"column":38},"end":{"line":3,"column":38}},"14":{"start":{"line":3,"column":38},"end":{"line":3,"column":38}},"15":{"start":{"line":4,"column":2},"end":{"line":4,"column":2}},"16":{"start":{"line":6,"column":6},"end":{"line":6,"column":6}},"17":{"start":{"line":11,"column":6},"end":{"line":11,"column":6}},"18":{"start":{"line":11,"column":23},"end":{"line":11,"column":23}},"19":{"start":{"line":13,"column":6},"end":{"line":13,"column":6}},"20":{"start":{"line":13,"column":26},"end":{"line":13,"column":26}},"21":{"start":{"line":15,"column":6},"end":{"line":15,"column":6}},"22":{"start":{"line":0,"column":0},"end":{"line":0,"column":0},"skip":true}},"branchMap":{"1":{"line":11,"type":"cond-expr","locations":[{"start":{"line":0,"column":0},"end":{"line":0,"column":0},"skip":true},{"start":{"line":0,"column":0},"end":{"line":0,"column":0},"skip":true}]},"2":{"line":11,"type":"binary-expr","locations":[{"start":{"line":0,"column":0},"end":{"line":0,"column":0},"skip":true},{"start":{"line":0,"column":0},"end":{"line":0,"column":0},"skip":true}]},"3":{"line":13,"type":"if","locations":[{"start":{"line":0,"column":0},"end":{"line":0,"column":0},"skip":true},{"start":{"line":0,"column":0},"end":{"line":0,"column":0},"skip":true}]},"4":{"line":16,"type":"cond-expr","locations":[{"start":{"line":3,"column":38},"end":{"line":3,"column":38}},{"start":{"line":3,"column":23},"end":{"line":3,"column":38}}]},"5":{"line":16,"type":"binary-expr","locations":[{"start":{"line":3,"column":38},"end":{"line":3,"column":38}},{"start":{"line":3,"column":38},"end":{"line":3,"column":38}}]},"6":{"line":19,"type":"switch","locations":[{"start":{"line":5,"column":4},"end":{"line":6,"column":6}},{"start":{"line":10,"column":4},"end":{"line":11,"column":6}},{"start":{"line":12,"column":4},"end":{"line":13,"column":6}},{"start":{"line":14,"column":4},"end":{"line":15,"column":6}}]}},"l":{"0":3,"1":1,"3":14,"4":14,"6":3,"11":4,"13":4,"15":3}},
"/var/www/react-todo-demo/src/js/reducers/visibilityFilter.js":{"path":"/var/www/react-todo-demo/src/js/reducers/visibilityFilter.js","s":{"1":1,"2":1,"3":5,"4":5,"5":5,"6":2,"7":3,"8":1},"b":{"1":[3,2],"2":[5,5],"3":[2,3]},"f":{"1":5},"fnMap":{"1":{"name":"visibilityFilter","line":6,"loc":{"start":{"line":1,"column":10},"end":{"line":1,"column":42}}}},"statementMap":{"1":{"start":{"line":0,"column":0},"end":{"line":0,"column":0},"skip":true},"2":{"start":{"line":1,"column":-15},"end":{"line":1,"column":-15}},"3":{"start":{"line":1,"column":42},"end":{"line":1,"column":42}},"4":{"start":{"line":1,"column":42},"end":{"line":1,"column":42}},"5":{"start":{"line":2,"column":2},"end":{"line":2,"column":2}},"6":{"start":{"line":4,"column":6},"end":{"line":4,"column":6}},"7":{"start":{"line":6,"column":6},"end":{"line":6,"column":6}},"8":{"start":{"line":0,"column":0},"end":{"line":0,"column":0},"skip":true}},"branchMap":{"1":{"line":7,"type":"cond-expr","locations":[{"start":{"line":1,"column":42},"end":{"line":1,"column":42}},{"start":{"line":1,"column":19},"end":{"line":1,"column":42}}]},"2":{"line":7,"type":"binary-expr","locations":[{"start":{"line":1,"column":42},"end":{"line":1,"column":42}},{"start":{"line":1,"column":42},"end":{"line":1,"column":42}}]},"3":{"line":10,"type":"switch","locations":[{"start":{"line":3,"column":4},"end":{"line":4,"column":6}},{"start":{"line":5,"column":4},"end":{"line":6,"column":6}}]}},"l":{"0":1,"1":5,"2":5,"4":2,"6":3}},
"/var/www/react-todo-demo/src/js/components/AddTodoForm.js":{"path":"/var/www/react-todo-demo/src/js/components/AddTodoForm.js","s":{"1":1,"2":1,"3":1,"4":1,"5":1,"6":1,"7":4,"8":4,"9":4,"10":1,"11":1,"12":1,"13":1},"b":{"1":[0,1],"2":[1,1]},"f":{"1":1,"2":4,"3":1,"4":1},"fnMap":{"1":{"name":"_interopRequireDefault","line":11,"loc":{"start":{"line":0,"column":0},"end":{"line":0,"column":0},"skip":true},"skip":true},"2":{"name":"AddTodoForm","line":13,"loc":{"start":{"line":3,"column":20},"end":{"line":3,"column":38}}},"3":{"name":"onSubmit","line":25,"loc":{"start":{"line":10,"column":18},"end":{"line":10,"column":18}}},"4":{"name":"ref","line":32,"loc":{"start":{"line":15,"column":15},"end":{"line":15,"column":23}}}},"statementMap":{"1":{"start":{"line":0,"column":0},"end":{"line":0,"column":0},"skip":true},"2":{"start":{"line":1,"column":-15},"end":{"line":1,"column":-15}},"3":{"start":{"line":0,"column":0},"end":{"line":0,"column":0},"skip":true},"4":{"start":{"line":0,"column":0},"end":{"line":0,"column":0},"skip":true},"5":{"start":{"line":0,"column":0},"end":{"line":0,"column":0},"skip":true},"6":{"start":{"line":3,"column":0},"end":{"line":3,"column":0}},"7":{"start":{"line":3,"column":38},"end":{"line":3,"column":38}},"8":{"start":{"line":4,"column":2},"end":{"line":4,"column":2}},"9":{"start":{"line":6,"column":2},"end":{"line":6,"column":2}},"10":{"start":{"line":10,"column":18},"end":{"line":10,"column":18}},"11":{"start":{"line":15,"column":25},"end":{"line":15,"column":25}},"12":{"start":{"line":28,"column":0},"end":{"line":28,"column":0}},"13":{"start":{"line":0,"column":0},"end":{"line":0,"column":0},"skip":true}},"branchMap":{"1":{"line":11,"type":"cond-expr","locations":[{"start":{"line":0,"column":0},"end":{"line":0,"column":0},"skip":true},{"start":{"line":0,"column":0},"end":{"line":0,"column":0},"skip":true}]},"2":{"line":11,"type":"binary-expr","locations":[{"start":{"line":0,"column":0},"end":{"line":0,"column":0},"skip":true},{"start":{"line":0,"column":0},"end":{"line":0,"column":0},"skip":true}]}},"l":{"0":1,"1":1,"3":4,"4":4,"6":4,"10":1,"15":1,"28":1}}}
