{
"/var/www/react-todo-demo/src/js/reducers/todo.js":{"path":"/var/www/react-todo-demo/src/js/reducers/todo.js","s":{"1":1,"2":1,"3":0,"4":0,"5":0,"6":0,"7":0,"8":0,"9":1,"10":5,"11":1,"12":2,"13":1,"14":1,"15":2,"16":1},"b":{"1":[1,0],"2":[0,0],"3":[1,2,2],"4":[1,1]},"f":{"1":0,"2":5},"fnMap":{"1":{"name":"(anonymous_1)","line":7,"loc":{"start":{"line":0,"column":0},"end":{"line":0,"column":0},"skip":true},"skip":true},"2":{"name":"todo","line":9,"loc":{"start":{"line":1,"column":-2},"end":{"line":1,"column":17}}}},"statementMap":{"1":{"start":{"line":0,"column":0},"end":{"line":0,"column":0},"skip":true},"2":{"start":{"line":0,"column":0},"end":{"line":0,"column":0},"skip":true},"3":{"start":{"line":0,"column":0},"end":{"line":0,"column":0},"skip":true},"4":{"start":{"line":0,"column":0},"end":{"line":0,"column":0},"skip":true},"5":{"start":{"line":0,"column":0},"end":{"line":0,"column":0},"skip":true},"6":{"start":{"line":0,"column":0},"end":{"line":0,"column":0},"skip":true},"7":{"start":{"line":0,"column":0},"end":{"line":0,"column":0},"skip":true},"8":{"start":{"line":0,"column":0},"end":{"line":0,"column":0},"skip":true},"9":{"start":{"line":1,"column":-15},"end":{"line":1,"column":-15}},"10":{"start":{"line":2,"column":2},"end":{"line":2,"column":2}},"11":{"start":{"line":4,"column":6},"end":{"line":4,"column":6}},"12":{"start":{"line":10,"column":6},"end":{"line":12,"column":7}},"13":{"start":{"line":11,"column":8},"end":{"line":11,"column":8}},"14":{"start":{"line":14,"column":6},"end":{"line":14,"column":6}},"15":{"start":{"line":19,"column":6},"end":{"line":19,"column":6}},"16":{"start":{"line":0,"column":0},"end":{"line":0,"column":0},"skip":true}},"branchMap":{"1":{"line":7,"type":"binary-expr","locations":[{"start":{"line":0,"column":0},"end":{"line":0,"column":0},"skip":true},{"start":{"line":0,"column":0},"end":{"line":0,"column":0},"skip":true}]},"2":{"line":7,"type":"if","locations":[{"start":{"line":0,"column":0},"end":{"line":0,"column":0},"skip":true},{"start":{"line":0,"column":0},"end":{"line":0,"column":0},"skip":true}]},"3":{"line":10,"type":"switch","locations":[{"start":{"line":3,"column":4},"end":{"line":4,"column":6}},{"start":{"line":9,"column":4},"end":{"line":14,"column":6}},{"start":{"line":18,"column":4},"end":{"line":19,"column":6}}]},"4":{"line":18,"type":"if","locations":[{"start":{"line":10,"column":6},"end":{"line":10,"column":6}},{"start":{"line":10,"column":6},"end":{"line":10,"column":6}}]}},"l":{"0":1,"1":1,"2":5,"4":1,"10":2,"11":1,"14":1,"19":2}}}
