TN:
SF:/var/www/react-todo-demo/src/js/reducers/todo.js
FN:7,(anonymous_1)
FN:9,todo
FNF:2
FNH:2
FNDA:0,(anonymous_1)
FNDA:12,todo
DA:0,1
DA:1,1
DA:2,12
DA:4,4
DA:10,6
DA:11,3
DA:14,3
DA:19,2
LF:8
LH:8
BRDA:7,1,0,1
BRDA:7,1,1,0
BRDA:7,2,0,0
BRDA:7,2,1,0
BRDA:10,3,0,4
BRDA:10,3,1,6
BRDA:10,3,2,2
BRDA:18,4,0,3
BRDA:18,4,1,3
BRF:9
BRH:9
end_of_record
TN:
SF:/var/www/react-todo-demo/src/js/reducers/todos.js
FN:11,_interopRequireDefault
FN:13,_toConsumableArray
FN:15,todos
FN:23,(anonymous_4)
FNF:4
FNH:4
FNDA:1,_interopRequireDefault
FNDA:3,_toConsumableArray
FNDA:10,todos
FNDA:4,(anonymous_4)
DA:0,3
DA:1,1
DA:3,10
DA:4,10
DA:6,3
DA:11,4
DA:13,3
LF:7
LH:7
BRDA:11,1,0,1
BRDA:11,1,1,0
BRDA:11,2,0,1
BRDA:11,2,1,1
BRDA:13,3,0,3
BRDA:13,3,1,0
BRDA:16,4,0,7
BRDA:16,4,1,3
BRDA:16,5,0,10
BRDA:16,5,1,10
BRDA:19,6,0,3
BRDA:19,6,1,4
BRDA:19,6,2,3
BRF:13
BRH:13
end_of_record
TN:
SF:/var/www/react-todo-demo/src/js/reducers/visibilityFilter.js
FN:6,visibilityFilter
FNF:1
FNH:1
FNDA:5,visibilityFilter
DA:0,1
DA:1,5
DA:2,5
DA:4,2
DA:6,3
LF:5
LH:5
BRDA:7,1,0,3
BRDA:7,1,1,2
BRDA:7,2,0,5
BRDA:7,2,1,5
BRDA:10,3,0,2
BRDA:10,3,1,3
BRF:6
BRH:6
end_of_record
