TN:
SF:/var/www/react-todo-demo/src/js/actions/actions.js
FN:8,addTodo
FN:16,toggleTodo
FN:23,deleteTodo
FN:30,setVisibilityFilter
FNF:4
FNH:4
FNDA:2,addTodo
FNDA:1,toggleTodo
FNDA:1,deleteTodo
FNDA:1,setVisibilityFilter
DA:0,1
DA:1,1
DA:3,1
DA:4,2
DA:11,1
DA:12,1
DA:18,1
DA:19,1
DA:25,1
DA:26,1
LF:10
LH:10
BRF:0
BRH:0
end_of_record
TN:
SF:/var/www/react-todo-demo/src/js/reducers/todo.js
FN:7,(anonymous_1)
FN:9,todo
FNF:2
FNH:2
FNDA:0,(anonymous_1)
FNDA:18,todo
DA:0,1
DA:1,1
DA:2,18
DA:4,4
DA:10,6
DA:11,3
DA:14,3
DA:19,6
DA:21,2
LF:9
LH:9
BRDA:7,1,0,1
BRDA:7,1,1,0
BRDA:7,2,0,0
BRDA:7,2,1,0
BRDA:10,3,0,4
BRDA:10,3,1,6
BRDA:10,3,2,6
BRDA:10,3,3,2
BRDA:18,4,0,3
BRDA:18,4,1,3
BRF:10
BRH:10
end_of_record
TN:
SF:/var/www/react-todo-demo/src/js/reducers/todos.js
FN:11,_interopRequireDefault
FN:13,_toConsumableArray
FN:15,todos
FN:23,(anonymous_4)
FN:27,(anonymous_5)
FNF:5
FNH:5
FNDA:1,_interopRequireDefault
FNDA:3,_toConsumableArray
FNDA:14,todos
FNDA:4,(anonymous_4)
FNDA:4,(anonymous_5)
DA:0,3
DA:1,1
DA:3,14
DA:4,14
DA:6,3
DA:11,4
DA:13,4
DA:15,3
LF:8
LH:8
BRDA:11,1,0,1
BRDA:11,1,1,0
BRDA:11,2,0,1
BRDA:11,2,1,1
BRDA:13,3,0,3
BRDA:13,3,1,0
BRDA:16,4,0,10
BRDA:16,4,1,4
BRDA:16,5,0,14
BRDA:16,5,1,14
BRDA:19,6,0,3
BRDA:19,6,1,4
BRDA:19,6,2,4
BRDA:19,6,3,3
BRF:14
BRH:14
end_of_record
TN:
SF:/var/www/react-todo-demo/src/js/reducers/visibilityFilter.js
FN:6,visibilityFilter
FNF:1
FNH:1
FNDA:5,visibilityFilter
DA:0,1
DA:1,5
DA:2,5
DA:4,2
DA:6,3
LF:5
LH:5
BRDA:7,1,0,3
BRDA:7,1,1,2
BRDA:7,2,0,5
BRDA:7,2,1,5
BRDA:10,3,0,2
BRDA:10,3,1,3
BRF:6
BRH:6
end_of_record
TN:
SF:/var/www/react-todo-demo/src/js/components/AddTodoForm.js
FN:11,_interopRequireDefault
FN:13,AddTodoForm
FN:25,onSubmit
FN:32,ref
FNF:4
FNH:4
FNDA:1,_interopRequireDefault
FNDA:4,AddTodoForm
FNDA:1,onSubmit
FNDA:1,ref
DA:0,1
DA:1,1
DA:3,4
DA:4,4
DA:6,4
DA:10,1
DA:15,1
DA:28,1
LF:8
LH:8
BRDA:11,1,0,0
BRDA:11,1,1,1
BRDA:11,2,0,1
BRDA:11,2,1,1
BRF:4
BRH:4
end_of_record
TN:
SF:/var/www/react-todo-demo/src/js/components/Todo.js
FN:11,_interopRequireDefault
FN:13,Todo
FN:36,onClick
FNF:3
FNH:3
FNDA:1,_interopRequireDefault
FNDA:6,Todo
FNDA:1,onClick
DA:0,1
DA:1,1
DA:3,6
DA:17,1
DA:18,1
DA:26,1
LF:6
LH:6
BRDA:11,1,0,0
BRDA:11,1,1,1
BRDA:11,2,0,1
BRDA:11,2,1,1
BRDA:26,3,0,1
BRDA:26,3,1,5
BRF:6
BRH:6
end_of_record
TN:
SF:/var/www/react-todo-demo/src/js/components/TodoList.js
FN:7,(anonymous_1)
FN:17,_interopRequireDefault
FN:19,TodoList
FN:35,(anonymous_4)
FN:39,onTodoClick
FN:42,onDeleteClick
FNF:6
FNH:4
FNDA:0,(anonymous_1)
FNDA:2,_interopRequireDefault
FNDA:3,TodoList
FNDA:2,(anonymous_4)
FNDA:0,onTodoClick
FNDA:0,onDeleteClick
DA:0,2
DA:1,1
DA:2,1
DA:4,3
DA:5,3
DA:6,2
DA:9,1
DA:11,2
DA:15,0
DA:16,0
DA:23,1
LF:11
LH:9
BRDA:7,1,0,1
BRDA:7,1,1,0
BRDA:7,2,0,0
BRDA:7,2,1,0
BRDA:17,3,0,1
BRDA:17,3,1,1
BRDA:17,4,0,2
BRDA:17,4,1,2
BRDA:24,5,0,2
BRDA:24,5,1,1
BRF:10
BRH:10
end_of_record
TN:
SF:/var/www/react-todo-demo/src/js/components/Link.js
FN:11,_interopRequireDefault
FN:13,Link
FN:31,onClick
FNF:3
FNH:3
FNDA:1,_interopRequireDefault
FNDA:6,Link
FNDA:1,onClick
DA:0,1
DA:1,1
DA:3,6
DA:4,6
DA:5,2
DA:8,4
DA:13,1
DA:14,1
DA:22,1
LF:9
LH:9
BRDA:11,1,0,0
BRDA:11,1,1,1
BRDA:11,2,0,1
BRDA:11,2,1,1
BRDA:18,3,0,2
BRDA:18,3,1,4
BRF:6
BRH:6
end_of_record
